SF:lib\core\failure\failure.dart
DA:5,2
LF:1
LH:1
end_of_record
SF:lib\features\auth\domain\use_case\auth_usecase.dart
DA:9,0
DA:10,0
DA:16,0
DA:18,0
DA:19,0
DA:22,0
DA:23,0
DA:26,0
DA:28,0
LF:9
LH:0
end_of_record
SF:lib\features\auth\presentation\viewmodel\auth_view_model.dart
DA:10,2
DA:11,1
DA:12,0
DA:13,0
DA:20,3
DA:22,0
DA:23,0
DA:24,0
DA:25,0
DA:26,0
DA:27,0
DA:29,0
DA:30,0
DA:31,0
DA:36,0
DA:37,0
DA:38,0
DA:39,0
DA:40,0
DA:41,0
DA:43,0
DA:45,0
DA:46,0
DA:48,0
DA:49,0
DA:50,0
DA:55,1
DA:60,3
DA:61,2
DA:62,1
DA:63,1
DA:64,4
DA:68,1
DA:69,3
LF:34
LH:11
end_of_record
SF:lib\features\auth\domain\entity\student_entity.dart
DA:15,0
DA:27,0
DA:28,0
DA:29,0
DA:30,0
DA:31,0
DA:32,0
DA:34,0
DA:35,0
DA:36,0
DA:37,0
DA:38,0
DA:41,0
DA:42,0
DA:43,0
DA:44,0
DA:45,0
DA:46,0
DA:47,0
DA:48,0
DA:49,0
DA:50,0
LF:22
LH:0
end_of_record
SF:lib\config\constants\api_endpoint.dart
DA:2,0
LF:1
LH:0
end_of_record
SF:lib\core\common\snackbar\my_snackbar.dart
DA:3,0
DA:8,0
DA:9,0
DA:10,0
LF:4
LH:0
end_of_record
SF:lib\core\network\remote\dio_error_interceptor.dart
DA:4,0
DA:6,0
DA:8,0
DA:9,0
DA:10,0
DA:11,0
DA:12,0
DA:13,0
DA:16,0
DA:17,0
DA:18,0
DA:20,0
DA:25,0
DA:26,0
DA:28,0
DA:31,0
LF:16
LH:0
end_of_record
SF:lib\core\network\remote\http_service.dart
DA:8,0
DA:9,0
DA:15,0
DA:17,0
DA:18,0
DA:19,0
DA:20,0
DA:21,0
DA:22,0
DA:23,0
DA:25,0
LF:11
LH:0
end_of_record
SF:lib\core\shared_prefs\user_shared_prefs.dart
DA:6,0
DA:7,0
DA:13,0
DA:15,0
DA:16,0
DA:17,0
DA:19,0
DA:24,0
DA:26,0
DA:27,0
DA:28,0
DA:30,0
DA:35,0
DA:37,0
DA:38,0
DA:39,0
DA:41,0
LF:17
LH:0
end_of_record
SF:lib\features\auth\data\data_source\auth_remote_data_source.dart
DA:12,0
DA:13,0
DA:14,0
DA:15,0
DA:23,0
DA:25,0
DA:27,0
DA:29,0
DA:30,0
DA:31,0
DA:32,0
DA:33,0
DA:34,0
DA:35,0
DA:36,0
DA:38,0
DA:41,0
DA:44,0
DA:45,0
DA:46,0
DA:47,0
DA:51,0
DA:52,0
DA:53,0
DA:54,0
DA:55,0
DA:62,0
DA:66,0
DA:67,0
DA:68,0
DA:69,0
DA:70,0
DA:76,0
DA:81,0
DA:82,0
DA:83,0
DA:84,0
DA:85,0
DA:86,0
DA:92,0
DA:97,0
DA:99,0
DA:104,0
DA:106,0
DA:107,0
DA:110,0
DA:111,0
DA:112,0
DA:113,0
DA:117,0
DA:118,0
DA:119,0
DA:120,0
DA:121,0
LF:54
LH:0
end_of_record
SF:lib\features\auth\data\repository\auth_remote_repository.dart
DA:10,0
DA:11,0
DA:12,0
DA:18,0
DA:20,0
DA:22,0
DA:25,0
DA:27,0
DA:30,0
DA:32,0
LF:10
LH:0
end_of_record
SF:lib\features\auth\domain\repository\auth_repository.dart
DA:9,0
DA:10,0
LF:2
LH:0
end_of_record
SF:lib\features\batch\domain\entity\batch_entity.dart
DA:7,1
DA:12,2
DA:13,1
DA:14,1
DA:17,0
DA:18,0
DA:19,0
DA:22,0
DA:24,0
DA:27,0
DA:28,0
LF:11
LH:4
end_of_record
SF:lib\features\course\domain\entity\course_entity.dart
DA:5,0
DA:10,0
DA:11,0
DA:12,0
DA:13,0
DA:17,0
DA:18,0
DA:19,0
DA:20,0
LF:9
LH:0
end_of_record
SF:lib\features\auth\presentation\state\auth_state.dart
DA:6,1
DA:12,0
DA:13,0
DA:20,1
DA:25,1
DA:26,0
DA:27,1
DA:28,1
DA:32,0
DA:33,0
LF:10
LH:5
end_of_record
SF:lib\features\batch\domain\use_case\batch_use_case.dart
DA:8,0
DA:9,0
DA:10,0
DA:17,0
DA:19,0
DA:20,0
DA:23,0
DA:24,0
DA:27,0
DA:28,0
LF:10
LH:0
end_of_record
SF:lib\features\batch\presentation\viewmodel\batch_view_model.dart
DA:8,2
DA:9,1
DA:10,0
DA:11,0
DA:18,3
DA:19,1
DA:22,1
DA:23,2
DA:24,2
DA:26,1
DA:27,5
DA:28,4
DA:32,1
DA:33,3
DA:34,2
DA:36,1
DA:37,0
DA:38,4
DA:42,0
DA:43,0
DA:44,0
DA:46,0
DA:47,0
DA:48,0
DA:49,0
DA:50,0
LF:26
LH:15
end_of_record
SF:lib\features\batch\domain\repository\batch_repository.dart
DA:10,0
DA:11,0
DA:14,0
DA:16,0
DA:18,0
DA:21,0
LF:6
LH:0
end_of_record
SF:lib\config\constants\hive_table_constant.dart
DA:2,0
LF:1
LH:0
end_of_record
SF:lib\config\router\app_route.dart
DA:8,0
DA:16,0
DA:17,0
DA:18,0
DA:19,0
DA:20,0
DA:21,0
DA:22,0
LF:8
LH:0
end_of_record
SF:lib\features\auth\presentation\view\login_view.dart
DA:9,1
DA:11,0
DA:12,0
DA:24,0
DA:26,0
DA:27,0
DA:28,0
DA:29,0
DA:30,0
DA:31,0
DA:32,0
DA:34,0
DA:35,0
DA:36,0
DA:37,0
DA:39,0
DA:44,0
DA:45,0
DA:51,0
DA:52,0
DA:54,0
DA:55,0
DA:56,0
DA:58,0
DA:59,0
DA:60,0
DA:62,0
DA:63,0
DA:64,0
DA:69,0
DA:70,0
DA:76,0
DA:77,0
DA:79,0
DA:80,0
DA:81,0
DA:82,0
DA:83,0
DA:85,0
DA:86,0
DA:104,0
DA:106,0
DA:107,0
LF:43
LH:1
end_of_record
SF:lib\features\auth\presentation\view\register_view.dart
DA:16,1
DA:18,0
DA:19,0
DA:23,0
DA:24,0
DA:25,0
DA:26,0
DA:31,0
DA:33,0
DA:35,0
DA:36,0
DA:37,0
DA:43,0
DA:60,0
DA:62,0
DA:63,0
DA:64,0
DA:65,0
DA:66,0
DA:70,0
DA:71,0
DA:72,0
DA:74,0
DA:75,0
DA:76,0
DA:77,0
DA:78,0
DA:79,0
DA:80,0
DA:81,0
DA:89,0
DA:91,0
DA:93,0
DA:94,0
DA:95,0
DA:96,0
DA:97,0
DA:98,0
DA:104,0
DA:105,0
DA:106,0
DA:107,0
DA:117,0
DA:120,0
DA:122,0
DA:123,0
DA:130,0
DA:131,0
DA:135,0
DA:136,0
DA:142,0
DA:143,0
DA:144,0
DA:148,0
DA:149,0
DA:155,0
DA:156,0
DA:157,0
DA:161,0
DA:162,0
DA:168,0
DA:169,0
DA:170,0
DA:173,0
DA:174,0
DA:175,0
DA:177,0
DA:178,0
DA:179,0
DA:180,0
DA:182,0
DA:184,0
DA:185,0
DA:186,0
DA:188,0
DA:192,0
DA:200,0
DA:201,0
DA:202,0
DA:205,0
DA:206,0
DA:207,0
DA:209,0
DA:210,0
DA:212,0
DA:213,0
DA:215,0
DA:217,0
DA:221,0
DA:222,0
DA:223,0
DA:225,0
DA:226,0
DA:229,0
DA:231,0
DA:232,0
DA:239,0
DA:240,0
DA:241,0
DA:245,0
DA:246,0
DA:252,0
DA:253,0
DA:254,0
DA:255,0
DA:256,0
DA:258,0
DA:259,0
DA:260,0
DA:262,0
DA:263,0
DA:264,0
DA:269,0
DA:270,0
DA:276,0
DA:277,0
DA:279,0
DA:280,0
DA:281,0
DA:282,0
DA:283,0
DA:284,0
DA:286,0
DA:287,0
DA:288,0
DA:289,0
DA:290,0
DA:291,0
DA:294,0
DA:295,0
DA:296,0
LF:131
LH:1
end_of_record
SF:lib\features\batch\presentation\view\batch_student.dart
DA:9,1
DA:11,0
DA:12,0
DA:16,0
DA:18,0
DA:19,0
DA:20,0
DA:21,0
DA:22,0
DA:23,0
DA:25,0
DA:26,0
DA:33,0
DA:34,0
DA:35,0
DA:36,0
DA:37,0
DA:38,0
DA:41,0
DA:42,0
DA:43,0
DA:44,0
DA:45,0
DA:46,0
DA:47,0
DA:49,0
DA:50,0
DA:51,0
DA:55,0
DA:56,0
LF:30
LH:1
end_of_record
SF:lib\features\home\presentation\view\home_view.dart
DA:10,1
DA:12,0
DA:13,0
DA:24,0
DA:26,0
DA:27,0
DA:28,0
DA:47,0
DA:48,0
DA:49,0
DA:50,0
LF:11
LH:1
end_of_record
SF:lib\features\splash\presentation\view\splash_view.dart
DA:7,1
DA:9,0
DA:10,0
DA:14,0
DA:17,0
DA:18,0
DA:21,0
DA:24,0
DA:26,0
DA:27,0
DA:28,0
DA:29,0
DA:30,0
DA:32,0
DA:33,0
DA:36,0
DA:51,0
DA:53,0
LF:18
LH:1
end_of_record
SF:lib\core\common\provider\internet_connectivity.dart
DA:8,0
DA:9,0
DA:10,0
DA:17,0
DA:18,0
DA:20,0
DA:21,0
DA:22,0
DA:23,0
DA:25,0
DA:27,0
DA:28,0
DA:29,0
LF:13
LH:0
end_of_record
SF:lib\core\network\local\hive_service.dart
DA:9,0
DA:12,0
DA:13,0
DA:14,0
DA:17,0
DA:18,0
DA:19,0
DA:22,0
DA:23,0
DA:27,0
DA:28,0
DA:29,0
DA:32,0
DA:33,0
DA:34,0
DA:35,0
DA:40,0
DA:41,0
DA:42,0
DA:45,0
DA:46,0
DA:47,0
DA:48,0
DA:53,0
DA:54,0
DA:55,0
DA:58,0
DA:59,0
DA:60,0
DA:61,0
DA:66,0
DA:67,0
DA:68,0
DA:69,0
DA:70,0
DA:76,0
DA:78,0
DA:79,0
DA:80,0
DA:81,0
DA:82,0
DA:83,0
DA:85,0
DA:88,0
DA:89,0
DA:94,0
DA:96,0
DA:97,0
DA:98,0
DA:99,0
DA:100,0
DA:101,0
DA:103,0
DA:106,0
DA:107,0
DA:113,0
DA:114,0
DA:115,0
DA:119,0
DA:120,0
DA:124,0
DA:125,0
DA:126,0
DA:127,0
DA:128,0
DA:129,0
DA:130,0
LF:67
LH:0
end_of_record
SF:lib\features\auth\data\model\auth_hive_model.dart
DA:11,0
DA:12,0
DA:42,0
DA:51,0
DA:54,0
DA:55,0
DA:60,0
DA:61,0
DA:67,0
DA:68,0
DA:69,0
DA:70,0
DA:71,0
DA:72,0
DA:73,0
DA:74,0
DA:75,0
DA:79,0
DA:80,0
DA:81,0
DA:82,0
DA:83,0
DA:84,0
DA:85,0
DA:86,0
DA:87,0
DA:91,0
DA:92,0
DA:94,0
DA:96,0
LF:30
LH:0
end_of_record
SF:lib\features\auth\data\model\auth_hive_model.g.dart
DA:13,0
DA:15,0
DA:16,0
DA:17,0
DA:19,0
DA:20,0
DA:21,0
DA:22,0
DA:23,0
DA:24,0
DA:25,0
DA:26,0
DA:27,0
DA:31,0
DA:34,0
DA:35,0
DA:36,0
DA:37,0
DA:38,0
DA:39,0
DA:40,0
DA:41,0
DA:42,0
DA:43,0
DA:44,0
DA:45,0
DA:46,0
DA:47,0
DA:48,0
DA:49,0
DA:50,0
DA:53,0
DA:54,0
DA:56,0
DA:59,0
DA:60,0
DA:61,0
LF:37
LH:0
end_of_record
SF:lib\features\batch\data\model\batch_hive_model.dart
DA:9,0
DA:10,0
DA:22,0
DA:24,0
DA:27,0
DA:30,0
DA:31,0
DA:32,0
DA:36,0
DA:38,0
DA:42,0
DA:43,0
DA:45,0
DA:47,0
LF:14
LH:0
end_of_record
SF:lib\features\batch\data\model\batch_hive_model.g.dart
DA:13,0
DA:15,0
DA:16,0
DA:17,0
DA:19,0
DA:20,0
DA:21,0
DA:25,0
DA:28,0
DA:29,0
DA:30,0
DA:31,0
DA:32,0
DA:35,0
DA:36,0
DA:38,0
DA:41,0
DA:42,0
DA:43,0
LF:19
LH:0
end_of_record
SF:lib\features\course\data\model\course_hive_model.g.dart
DA:13,0
DA:15,0
DA:16,0
DA:17,0
DA:19,0
DA:20,0
DA:21,0
DA:25,0
DA:28,0
DA:29,0
DA:30,0
DA:31,0
DA:32,0
DA:35,0
DA:36,0
DA:38,0
DA:41,0
DA:42,0
DA:43,0
LF:19
LH:0
end_of_record
SF:lib\features\course\data\model\course_hive_model.dart
DA:9,0
DA:10,0
DA:22,0
DA:24,0
DA:27,0
DA:30,0
DA:31,0
DA:32,0
DA:36,0
DA:38,0
DA:41,0
DA:42,0
DA:45,0
DA:46,0
DA:48,0
DA:50,0
LF:16
LH:0
end_of_record
SF:lib\features\auth\data\model\auth_api_model.dart
DA:10,0
DA:11,0
DA:15,0
DA:34,0
DA:46,0
DA:47,0
DA:49,0
DA:52,0
DA:53,0
DA:54,0
DA:55,0
DA:56,0
DA:57,0
DA:58,0
DA:59,0
DA:60,0
DA:61,0
DA:65,0
DA:66,0
DA:68,0
DA:70,0
LF:21
LH:0
end_of_record
SF:lib\features\auth\data\model\auth_api_model.g.dart
DA:9,0
DA:10,0
DA:11,0
DA:12,0
DA:13,0
DA:14,0
DA:15,0
DA:17,0
DA:18,0
DA:19,0
DA:20,0
DA:21,0
DA:22,0
DA:25,0
DA:26,0
DA:27,0
DA:28,0
DA:29,0
DA:30,0
DA:31,0
DA:32,0
DA:33,0
DA:34,0
DA:35,0
LF:24
LH:0
end_of_record
SF:lib\features\batch\data\model\batch_api_model.dart
DA:8,0
DA:9,0
DA:18,0
DA:22,1
DA:26,0
DA:28,0
DA:29,0
DA:32,0
DA:33,0
DA:34,0
DA:38,0
DA:39,0
DA:40,0
DA:44,0
DA:45,0
DA:47,0
DA:48,0
LF:17
LH:1
end_of_record
SF:lib\features\batch\data\model\batch_api_model.g.dart
DA:9,0
DA:10,0
DA:11,0
DA:12,0
DA:15,0
DA:16,0
DA:17,0
DA:18,0
LF:8
LH:0
end_of_record
SF:lib\features\course\data\model\course_api_model.dart
DA:5,0
DA:6,0
DA:15,0
DA:20,0
DA:24,0
DA:25,0
DA:26,0
DA:27,0
DA:31,0
DA:32,0
DA:33,0
DA:38,0
DA:39,0
DA:40,0
DA:44,0
DA:45,0
DA:46,0
DA:49,0
DA:50,0
DA:53,0
DA:54,0
DA:56,0
DA:58,0
LF:23
LH:0
end_of_record
SF:lib\features\course\presentation\viewmodel\course_viewmodel.dart
DA:8,0
DA:9,0
DA:10,0
DA:11,0
DA:17,0
DA:18,0
DA:21,0
DA:22,0
DA:23,0
DA:25,0
DA:26,0
DA:27,0
DA:29,0
DA:31,0
DA:32,0
DA:33,0
DA:34,0
DA:42,0
DA:43,0
DA:44,0
DA:46,0
DA:47,0
DA:48,0
DA:52,0
DA:53,0
DA:54,0
DA:56,0
DA:57,0
DA:58,0
LF:29
LH:0
end_of_record
SF:lib\features\batch\data\data_source\batch_local_data_source.dart
DA:9,0
DA:10,0
DA:11,0
DA:12,0
DA:19,0
DA:25,0
DA:28,0
DA:30,0
DA:33,0
DA:37,0
DA:40,0
DA:42,0
DA:43,0
DA:45,0
LF:14
LH:0
end_of_record
SF:lib\features\batch\data\data_source\batch_remote_data_source.dart
DA:16,0
DA:17,0
DA:18,0
DA:19,0
DA:20,0
DA:21,0
DA:31,0
DA:38,0
DA:40,0
DA:42,0
DA:45,0
DA:48,0
DA:49,0
DA:50,0
DA:51,0
DA:55,0
DA:56,0
DA:57,0
DA:58,0
DA:64,0
DA:66,0
DA:67,0
DA:70,0
DA:71,0
DA:73,0
DA:74,0
DA:75,0
DA:76,0
DA:80,0
DA:81,0
DA:82,0
DA:83,0
DA:90,0
DA:95,0
DA:96,0
DA:97,0
DA:99,0
DA:100,0
DA:101,0
DA:102,0
DA:105,0
DA:107,0
DA:109,0
DA:111,0
DA:112,0
DA:113,0
DA:114,0
DA:118,0
DA:119,0
DA:120,0
DA:121,0
LF:51
LH:0
end_of_record
SF:lib\features\batch\data\dto\get_all_batch_dto.dart
DA:12,0
DA:18,0
DA:20,0
DA:21,0
LF:4
LH:0
end_of_record
SF:lib\features\batch\data\dto\get_all_batch_dto.g.dart
DA:9,0
DA:10,0
DA:11,0
DA:12,0
DA:13,0
DA:14,0
DA:15,0
DA:18,0
DA:19,0
DA:20,0
DA:21,0
DA:22,0
LF:12
LH:0
end_of_record
SF:lib\features\batch\data\dto\get_all_students_by_batch.dart
DA:13,0
DA:19,0
DA:20,0
DA:22,0
LF:4
LH:0
end_of_record
SF:lib\features\batch\data\dto\get_all_students_by_batch.g.dart
DA:9,0
DA:11,0
DA:12,0
DA:13,0
DA:14,0
DA:15,0
DA:16,0
DA:19,0
DA:21,0
DA:22,0
DA:23,0
DA:24,0
LF:12
LH:0
end_of_record
SF:lib\features\batch\data\repository\batch_local_repo_impl.dart
DA:9,0
DA:10,0
DA:11,0
DA:18,0
DA:22,0
DA:24,0
DA:27,0
DA:29,0
DA:32,0
DA:36,0
LF:10
LH:0
end_of_record
SF:lib\features\batch\data\repository\batch_remote_repo_impl.dart
DA:9,0
DA:10,0
DA:11,0
DA:18,0
DA:20,0
DA:22,0
DA:25,0
DA:27,0
DA:30,0
DA:33,0
LF:10
LH:0
end_of_record
SF:lib\features\batch\presentation\state\batch_state.dart
DA:10,1
DA:17,1
DA:18,1
DA:20,1
DA:21,1
DA:25,1
DA:31,1
DA:32,0
DA:33,1
DA:34,1
DA:35,1
LF:11
LH:10
end_of_record
SF:lib\features\batch\presentation\view\add_batch_view.dart
DA:8,1
DA:10,0
DA:11,0
DA:17,0
DA:19,0
DA:20,0
DA:21,0
DA:23,0
DA:24,0
DA:25,0
DA:36,0
DA:37,0
DA:38,0
DA:43,0
DA:44,0
DA:50,0
DA:51,0
DA:53,0
DA:54,0
DA:69,0
DA:70,0
DA:71,0
DA:72,0
DA:73,0
DA:74,0
DA:75,0
DA:76,0
DA:77,0
DA:78,0
DA:79,0
LF:30
LH:1
end_of_record
SF:lib\features\batch\presentation\widget\load_batch.dart
DA:8,0
DA:10,0
DA:12,0
DA:13,0
DA:14,0
DA:15,0
DA:16,0
DA:17,0
DA:18,0
DA:19,0
DA:21,0
DA:22,0
DA:23,0
DA:24,0
DA:25,0
DA:26,0
DA:27,0
DA:30,0
DA:31,0
DA:32,0
LF:20
LH:0
end_of_record
SF:lib\features\course\data\data_source\course_remote_data_source.dart
DA:12,0
DA:13,0
DA:14,0
DA:15,0
DA:16,0
DA:17,0
DA:27,0
DA:29,0
DA:31,0
DA:33,0
DA:35,0
DA:38,0
DA:39,0
DA:40,0
DA:41,0
DA:45,0
DA:46,0
DA:47,0
DA:48,0
DA:49,0
DA:55,0
DA:57,0
DA:58,0
DA:59,0
DA:61,0
DA:63,0
DA:64,0
DA:66,0
DA:67,0
DA:68,0
DA:69,0
DA:73,0
DA:74,0
DA:75,0
DA:76,0
DA:77,0
DA:83,0
DA:87,0
DA:88,0
DA:89,0
DA:90,0
DA:93,0
DA:94,0
DA:95,0
DA:96,0
DA:97,0
DA:101,0
DA:104,0
DA:105,0
DA:106,0
DA:107,0
DA:111,0
DA:112,0
DA:113,0
DA:114,0
DA:115,0
LF:56
LH:0
end_of_record
SF:lib\features\course\data\dto\get_all_course_dto.dart
DA:10,0
DA:16,0
DA:17,0
DA:18,0
DA:19,0
DA:20,0
DA:21,0
DA:22,0
DA:26,0
DA:27,0
DA:28,0
DA:29,0
DA:30,0
LF:13
LH:0
end_of_record
SF:lib\features\course\data\repository\course_remote_repository.dart
DA:8,0
DA:9,0
DA:10,0
DA:17,0
DA:18,0
DA:20,0
DA:23,0
DA:25,0
DA:28,0
DA:30,0
LF:10
LH:0
end_of_record
SF:lib\features\course\domain\repository\course_repository.dart
DA:7,0
DA:8,0
LF:2
LH:0
end_of_record
SF:lib\features\course\domain\use_case\course_usecase.dart
DA:8,0
DA:9,0
DA:10,0
DA:17,0
DA:19,0
DA:20,0
DA:23,0
DA:24,0
DA:27,0
DA:28,0
DA:31,0
LF:11
LH:0
end_of_record
SF:lib\features\course\presentation\state\course_state.dart
DA:8,1
DA:14,0
DA:20,0
DA:25,0
DA:26,0
DA:27,0
DA:28,0
LF:7
LH:1
end_of_record
SF:lib\features\course\presentation\view\add_course_view.dart
DA:8,1
DA:10,0
DA:11,0
DA:17,0
DA:19,0
DA:20,0
DA:21,0
DA:23,0
DA:24,0
DA:25,0
DA:36,0
DA:37,0
DA:38,0
DA:43,0
DA:44,0
DA:51,0
DA:53,0
DA:54,0
DA:58,0
DA:69,0
DA:70,0
DA:71,0
DA:72,0
DA:73,0
DA:74,0
DA:75,0
DA:76,0
DA:77,0
DA:78,0
LF:29
LH:1
end_of_record
SF:lib\features\course\presentation\widget\load_course.dart
DA:10,0
DA:12,0
DA:14,0
DA:15,0
DA:16,0
DA:17,0
DA:18,0
DA:19,0
DA:20,0
DA:21,0
DA:23,0
DA:24,0
DA:25,0
DA:26,0
DA:27,0
DA:28,0
DA:29,0
DA:32,0
DA:33,0
DA:34,0
DA:35,0
DA:36,0
DA:37,0
LF:23
LH:0
end_of_record
SF:lib\features\home\presentation\view\bottom_view\dashboard_view.dart
DA:12,1
DA:14,0
DA:15,0
DA:19,0
DA:21,0
DA:22,0
DA:23,0
DA:24,0
DA:26,0
DA:27,0
DA:28,0
DA:31,0
DA:38,0
DA:39,0
DA:40,0
DA:49,0
DA:51,0
DA:52,0
DA:63,0
DA:64,0
DA:76,0
DA:77,0
LF:22
LH:1
end_of_record
SF:lib\features\home\presentation\viewmodel\home_viewmodel.dart
DA:7,0
DA:8,0
DA:9,0
DA:15,0
DA:17,0
DA:18,0
DA:19,0
DA:22,0
DA:23,0
DA:24,0
DA:25,0
DA:28,0
LF:12
LH:0
end_of_record
SF:lib\features\home\presentation\widget\batch_widget.dart
DA:9,0
DA:11,0
DA:13,0
DA:16,0
DA:20,0
DA:21,0
DA:22,0
DA:23,0
DA:24,0
DA:25,0
DA:27,0
DA:28,0
DA:29,0
DA:30,0
DA:31,0
LF:15
LH:0
end_of_record
SF:lib\features\home\presentation\widget\course_widget.dart
DA:6,0
DA:8,0
DA:10,0
DA:12,0
DA:18,0
DA:19,0
DA:20,0
DA:21,0
DA:22,0
DA:23,0
LF:10
LH:0
end_of_record
SF:lib\features\home\presentation\view\bottom_view\profile_view.dart
DA:4,1
DA:6,0
DA:7,0
DA:11,0
DA:13,0
DA:14,0
LF:6
LH:1
end_of_record
SF:lib\features\splash\presentation\viewmodel\splash_view_model.dart
DA:7,0
DA:8,0
DA:9,0
DA:10,0
DA:17,0
DA:19,0
DA:20,0
DA:22,0
DA:24,0
DA:28,0
DA:30,0
DA:33,0
DA:38,0
DA:39,0
DA:42,0
DA:44,0
DA:46,0
LF:17
LH:0
end_of_record
